7/18/2005 10:23:46 AM: start
7/18/2005 10:23:46 AM: >0
7/18/2005 10:23:46 AM: content=<html>

<head>
<meta http-equiv="Content-Language" content="en-us">
<meta http-equiv="Content-Type" content="text/html; charset=windows-1252">
<meta name="GENERATOR" content="Microsoft FrontPage 4.0">
<meta name="ProgId" content="FrontPage.Editor.Document">
<title>Individual Search Result</title>
</head>

<body>
<left>
<table border="1" cellpadding="0" cellspacing="0" width="770" bordercolor="#F7F2DB">
  <tr>
    <td width="70"></a></td>
    <td width="100"></td>
    <td width="110"></td>
    <td width="200"></td>
    <td width="120">AMCLE_CORE</td>
    <td width="100"></td>
    <td width="50"></td>
    <td width="50"><a href="../Info?CERTIFICATIONCD=AMCLE_CORE">Info</a></td>
   

  </tr>
</table>
</left>
</body>

</html>
<html>

<head>
<meta http-equiv="Content-Language" content="en-us">
<meta http-equiv="Content-Type" content="text/html; charset=windows-1252">
<meta name="GENERATOR" content="Microsoft FrontPage 4.0">
<meta name="ProgId" content="FrontPage.Editor.Document">
<title>Individual Search Result</title>
</head>

<body>
<left>
<table border="1" cellpadding="0" cellspacing="0" width="770" bordercolor="#F7F2DB">
  <tr>
    <td width="70"></a></td>
    <td width="100"></td>
    <td width="110"></td>
    <td width="200"></td>
    <td width="120">CLE_ADM</td>
    <td width="100"></td>
    <td width="50"></td>
    <td width="50"><a href="../Info?CERTIFICATIONCD=CLE_ADM">Info</a></td>
   

  </tr>
</table>
</left>
</body>

</html>
<html>

<head>
<meta http-equiv="Content-Language" content="en-us">
<meta http-equiv="Content-Type" content="text/html; charset=windows-1252">
<meta name="GENERATOR" content="Microsoft FrontPage 4.0">
<meta name="ProgId" content="FrontPage.Editor.Document">
<title>Individual Search Result</title>
</head>

<body>
<left>
<table border="1" cellpadding="0" cellspacing="0" width="770" bordercolor="#F7F2DB">
  <tr>
    <td width="70"></a></td>
    <td width="100"></td>
    <td width="110"></td>
    <td width="200"></td>
    <td width="120">CLE_BUS</td>
    <td width="100"></td>
    <td width="50"></td>
    <td width="50"><a href="../Info?CERTIFICATIONCD=CLE_BUS">Info</a></td>
   

  </tr>
</table>
</left>
</body>

</html>

7/18/2005 10:24:30 AM: start
7/18/2005 10:24:30 AM: >0
7/18/2005 10:24:30 AM: content=<html>

<head>
<meta http-equiv="Content-Language" content="en-us">
<meta http-equiv="Content-Type" content="text/html; charset=windows-1252">
<meta name="GENERATOR" content="Microsoft FrontPage 4.0">
<meta name="ProgId" content="FrontPage.Editor.Document">
<title>Individual Search Result</title>
</head>

<body>
<left>
<table border="1" cellpadding="0" cellspacing="0" width="770" bordercolor="#F7F2DB">
  <tr>
    <td width="70"></a></td>
    <td width="100"></td>
    <td width="110"></td>
    <td width="200"></td>
    <td width="120">AMCLE_CORE</td>
    <td width="100"></td>
    <td width="50"></td>
    <td width="50"><a href="../Info?CERTIFICATIONCD=AMCLE_CORE">Info</a></td>
   

  </tr>
</table>
</left>
</body>

</html>
<html>

<head>
<meta http-equiv="Content-Language" content="en-us">
<meta http-equiv="Content-Type" content="text/html; charset=windows-1252">
<meta name="GENERATOR" content="Microsoft FrontPage 4.0">
<meta name="ProgId" content="FrontPage.Editor.Document">
<title>Individual Search Result</title>
</head>

<body>
<left>
<table border="1" cellpadding="0" cellspacing="0" width="770" bordercolor="#F7F2DB">
  <tr>
    <td width="70"></a></td>
    <td width="100"></td>
    <td width="110"></td>
    <td width="200"></td>
    <td width="120">CLE_ADM</td>
    <td width="100"></td>
    <td width="50"></td>
    <td width="50"><a href="../Info?CERTIFICATIONCD=CLE_ADM">Info</a></td>
   

  </tr>
</table>
</left>
</body>

</html>
<html>

<head>
<meta http-equiv="Content-Language" content="en-us">
<meta http-equiv="Content-Type" content="text/html; charset=windows-1252">
<meta name="GENERATOR" content="Microsoft FrontPage 4.0">
<meta name="ProgId" content="FrontPage.Editor.Document">
<title>Individual Search Result</title>
</head>

<body>
<left>
<table border="1" cellpadding="0" cellspacing="0" width="770" bordercolor="#F7F2DB">
  <tr>
    <td width="70"></a></td>
    <td width="100"></td>
    <td width="110"></td>
    <td width="200"></td>
    <td width="120">CLE_BUS</td>
    <td width="100"></td>
    <td width="50"></td>
    <td width="50"><a href="../Info?CERTIFICATIONCD=CLE_BUS">Info</a></td>
   

  </tr>
</table>
</left>
</body>

</html>

7/18/2005 10:25:00 AM: start
7/18/2005 10:25:00 AM: >0
7/18/2005 10:25:00 AM: content=<html>

<head>
<meta http-equiv="Content-Language" content="en-us">
<meta http-equiv="Content-Type" content="text/html; charset=windows-1252">
<meta name="GENERATOR" content="Microsoft FrontPage 4.0">
<meta name="ProgId" content="FrontPage.Editor.Document">
<title>Individual Search Result</title>
</head>

<body>
<left>
<table border="1" cellpadding="0" cellspacing="0" width="770" bordercolor="#F7F2DB">
  <tr>
    <td width="70"></a></td>
    <td width="100"></td>
    <td width="110"></td>
    <td width="200"></td>
    <td width="120">AMCLE_CORE</td>
    <td width="100"></td>
    <td width="50"></td>
    <td width="50"><a href="..certificationdll.dll/Info?CERTIFICATIONCD=AMCLE_CORE">Info</a></td>
   

  </tr>
</table>
</left>
</body>

</html>
<html>

<head>
<meta http-equiv="Content-Language" content="en-us">
<meta http-equiv="Content-Type" content="text/html; charset=windows-1252">
<meta name="GENERATOR" content="Microsoft FrontPage 4.0">
<meta name="ProgId" content="FrontPage.Editor.Document">
<title>Individual Search Result</title>
</head>

<body>
<left>
<table border="1" cellpadding="0" cellspacing="0" width="770" bordercolor="#F7F2DB">
  <tr>
    <td width="70"></a></td>
    <td width="100"></td>
    <td width="110"></td>
    <td width="200"></td>
    <td width="120">CLE_ADM</td>
    <td width="100"></td>
    <td width="50"></td>
    <td width="50"><a href="..certificationdll.dll/Info?CERTIFICATIONCD=CLE_ADM">Info</a></td>
   

  </tr>
</table>
</left>
</body>

</html>
<html>

<head>
<meta http-equiv="Content-Language" content="en-us">
<meta http-equiv="Content-Type" content="text/html; charset=windows-1252">
<meta name="GENERATOR" content="Microsoft FrontPage 4.0">
<meta name="ProgId" content="FrontPage.Editor.Document">
<title>Individual Search Result</title>
</head>

<body>
<left>
<table border="1" cellpadding="0" cellspacing="0" width="770" bordercolor="#F7F2DB">
  <tr>
    <td width="70"></a></td>
    <td width="100"></td>
    <td width="110"></td>
    <td width="200"></td>
    <td width="120">CLE_BUS</td>
    <td width="100"></td>
    <td width="50"></td>
    <td width="50"><a href="..certificationdll.dll/Info?CERTIFICATIONCD=CLE_BUS">Info</a></td>
   

  </tr>
</table>
</left>
</body>

</html>

7/18/2005 10:25:47 AM: start
7/18/2005 10:25:47 AM: >0
7/18/2005 10:25:47 AM: content=<html>

<head>
<meta http-equiv="Content-Language" content="en-us">
<meta http-equiv="Content-Type" content="text/html; charset=windows-1252">
<meta name="GENERATOR" content="Microsoft FrontPage 4.0">
<meta name="ProgId" content="FrontPage.Editor.Document">
<title>Individual Search Result</title>
</head>

<body>
<left>
<table border="1" cellpadding="0" cellspacing="0" width="770" bordercolor="#F7F2DB">
  <tr>
    <td width="70"></a></td>
    <td width="100"></td>
    <td width="110"></td>
    <td width="200"></td>
    <td width="120">AMCLE_CORE</td>
    <td width="100"></td>
    <td width="50"></td>
    <td width="50"><a href="Info?CERTIFICATIONCD=AMCLE_CORE">Info</a></td>
   

  </tr>
</table>
</left>
</body>

</html>
<html>

<head>
<meta http-equiv="Content-Language" content="en-us">
<meta http-equiv="Content-Type" content="text/html; charset=windows-1252">
<meta name="GENERATOR" content="Microsoft FrontPage 4.0">
<meta name="ProgId" content="FrontPage.Editor.Document">
<title>Individual Search Result</title>
</head>

<body>
<left>
<table border="1" cellpadding="0" cellspacing="0" width="770" bordercolor="#F7F2DB">
  <tr>
    <td width="70"></a></td>
    <td width="100"></td>
    <td width="110"></td>
    <td width="200"></td>
    <td width="120">CLE_ADM</td>
    <td width="100"></td>
    <td width="50"></td>
    <td width="50"><a href="Info?CERTIFICATIONCD=CLE_ADM">Info</a></td>
   

  </tr>
</table>
</left>
</body>

</html>
<html>

<head>
<meta http-equiv="Content-Language" content="en-us">
<meta http-equiv="Content-Type" content="text/html; charset=windows-1252">
<meta name="GENERATOR" content="Microsoft FrontPage 4.0">
<meta name="ProgId" content="FrontPage.Editor.Document">
<title>Individual Search Result</title>
</head>

<body>
<left>
<table border="1" cellpadding="0" cellspacing="0" width="770" bordercolor="#F7F2DB">
  <tr>
    <td width="70"></a></td>
    <td width="100"></td>
    <td width="110"></td>
    <td width="200"></td>
    <td width="120">CLE_BUS</td>
    <td width="100"></td>
    <td width="50"></td>
    <td width="50"><a href="Info?CERTIFICATIONCD=CLE_BUS">Info</a></td>
   

  </tr>
</table>
</left>
</body>

</html>

7/18/2005 10:26:28 AM: start
7/18/2005 10:26:28 AM: >0
7/18/2005 10:26:28 AM: content=<html>

<head>
<meta http-equiv="Content-Language" content="en-us">
<meta http-equiv="Content-Type" content="text/html; charset=windows-1252">
<meta name="GENERATOR" content="Microsoft FrontPage 4.0">
<meta name="ProgId" content="FrontPage.Editor.Document">
<title>Individual Search Result</title>
</head>

<body>
<left>
<table border="1" cellpadding="0" cellspacing="0" width="770" bordercolor="#F7F2DB">
  <tr>
    <td width="70"></a></td>
    <td width="100"></td>
    <td width="110"></td>
    <td width="200"></td>
    <td width="120">AMCLE_CORE</td>
    <td width="100"></td>
    <td width="50"></td>
    <td width="50"><a href="Info?CERTIFICATIONCD=AMCLE_CORE">Info</a></td>
   

  </tr>
</table>
</left>
</body>

</html>
<html>

<head>
<meta http-equiv="Content-Language" content="en-us">
<meta http-equiv="Content-Type" content="text/html; charset=windows-1252">
<meta name="GENERATOR" content="Microsoft FrontPage 4.0">
<meta name="ProgId" content="FrontPage.Editor.Document">
<title>Individual Search Result</title>
</head>

<body>
<left>
<table border="1" cellpadding="0" cellspacing="0" width="770" bordercolor="#F7F2DB">
  <tr>
    <td width="70"></a></td>
    <td width="100"></td>
    <td width="110"></td>
    <td width="200"></td>
    <td width="120">CLE_ADM</td>
    <td width="100"></td>
    <td width="50"></td>
    <td width="50"><a href="Info?CERTIFICATIONCD=CLE_ADM">Info</a></td>
   

  </tr>
</table>
</left>
</body>

</html>
<html>

<head>
<meta http-equiv="Content-Language" content="en-us">
<meta http-equiv="Content-Type" content="text/html; charset=windows-1252">
<meta name="GENERATOR" content="Microsoft FrontPage 4.0">
<meta name="ProgId" content="FrontPage.Editor.Document">
<title>Individual Search Result</title>
</head>

<body>
<left>
<table border="1" cellpadding="0" cellspacing="0" width="770" bordercolor="#F7F2DB">
  <tr>
    <td width="70"></a></td>
    <td width="100"></td>
    <td width="110"></td>
    <td width="200"></td>
    <td width="120">CLE_BUS</td>
    <td width="100"></td>
    <td width="50"></td>
    <td width="50"><a href="Info?CERTIFICATIONCD=CLE_BUS">Info</a></td>
   

  </tr>
</table>
</left>
</body>

</html>

7/18/2005 12:40:23 PM: start
7/18/2005 12:40:23 PM: >0
7/18/2005 12:40:23 PM: content=<html>

<head>
<meta http-equiv="Content-Language" content="en-us">
<meta http-equiv="Content-Type" content="text/html; charset=windows-1252">
<meta name="GENERATOR" content="Microsoft FrontPage 4.0">
<meta name="ProgId" content="FrontPage.Editor.Document">
<title>Individual Search Result</title>
</head>

<body>
<left>
<table border="1" cellpadding="0" cellspacing="0" width="770" bordercolor="#F7F2DB">
  <tr>
    <td width="70"></a></td>
    <td width="100"></td>
    <td width="110"></td>
    <td width="200"></td>
    <td width="120">AMCLE_CORE</td>
    <td width="100"></td>
    <td width="50"></td>
    <td width="50"><a href="Info?CERTIFICATIONCD=AMCLE_CORE">Info</a></td>
   

  </tr>
</table>
</left>
</body>

</html>
<html>

<head>
<meta http-equiv="Content-Language" content="en-us">
<meta http-equiv="Content-Type" content="text/html; charset=windows-1252">
<meta name="GENERATOR" content="Microsoft FrontPage 4.0">
<meta name="ProgId" content="FrontPage.Editor.Document">
<title>Individual Search Result</title>
</head>

<body>
<left>
<table border="1" cellpadding="0" cellspacing="0" width="770" bordercolor="#F7F2DB">
  <tr>
    <td width="70"></a></td>
    <td width="100"></td>
    <td width="110"></td>
    <td width="200"></td>
    <td width="120">CLE_ADM</td>
    <td width="100"></td>
    <td width="50"></td>
    <td width="50"><a href="Info?CERTIFICATIONCD=CLE_ADM">Info</a></td>
   

  </tr>
</table>
</left>
</body>

</html>
<html>

<head>
<meta http-equiv="Content-Language" content="en-us">
<meta http-equiv="Content-Type" content="text/html; charset=windows-1252">
<meta name="GENERATOR" content="Microsoft FrontPage 4.0">
<meta name="ProgId" content="FrontPage.Editor.Document">
<title>Individual Search Result</title>
</head>

<body>
<left>
<table border="1" cellpadding="0" cellspacing="0" width="770" bordercolor="#F7F2DB">
  <tr>
    <td width="70"></a></td>
    <td width="100"></td>
    <td width="110"></td>
    <td width="200"></td>
    <td width="120">CLE_BUS</td>
    <td width="100"></td>
    <td width="50"></td>
    <td width="50"><a href="Info?CERTIFICATIONCD=CLE_BUS">Info</a></td>
   

  </tr>
</table>
</left>
</body>

</html>

7/19/2005 12:03:56 PM: start
7/19/2005 12:03:56 PM: >0
7/19/2005 12:03:56 PM: content=<html>

<head>
<meta http-equiv="Content-Language" content="en-us">
<meta http-equiv="Content-Type" content="text/html; charset=windows-1252">
<meta name="GENERATOR" content="Microsoft FrontPage 4.0">
<meta name="ProgId" content="FrontPage.Editor.Document">
<title>Individual Search Result</title>
</head>

<body>
<left>
<table border="1" cellpadding="0" cellspacing="0" width="770" bordercolor="#F7F2DB">
  <tr>
    <td width="70"></a></td>
    <td width="100"></td>
    <td width="110"></td>
    <td width="200"></td>
    <td width="120">AMCLE_CORE</td>
    <td width="100"></td>
    <td width="50"></td>
    <td width="50"><a href="Info?CERTIFICATIONCD=AMCLE_CORE">Info</a></td>
   

  </tr>
</table>
</left>
</body>

</html>
<html>

<head>
<meta http-equiv="Content-Language" content="en-us">
<meta http-equiv="Content-Type" content="text/html; charset=windows-1252">
<meta name="GENERATOR" content="Microsoft FrontPage 4.0">
<meta name="ProgId" content="FrontPage.Editor.Document">
<title>Individual Search Result</title>
</head>

<body>
<left>
<table border="1" cellpadding="0" cellspacing="0" width="770" bordercolor="#F7F2DB">
  <tr>
    <td width="70"></a></td>
    <td width="100"></td>
    <td width="110"></td>
    <td width="200"></td>
    <td width="120">CLE_ADM</td>
    <td width="100"></td>
    <td width="50"></td>
    <td width="50"><a href="Info?CERTIFICATIONCD=CLE_ADM">Info</a></td>
   

  </tr>
</table>
</left>
</body>

</html>
<html>

<head>
<meta http-equiv="Content-Language" content="en-us">
<meta http-equiv="Content-Type" content="text/html; charset=windows-1252">
<meta name="GENERATOR" content="Microsoft FrontPage 4.0">
<meta name="ProgId" content="FrontPage.Editor.Document">
<title>Individual Search Result</title>
</head>

<body>
<left>
<table border="1" cellpadding="0" cellspacing="0" width="770" bordercolor="#F7F2DB">
  <tr>
    <td width="70"></a></td>
    <td width="100"></td>
    <td width="110"></td>
    <td width="200"></td>
    <td width="120">CLE_BUS</td>
    <td width="100"></td>
    <td width="50"></td>
    <td width="50"><a href="Info?CERTIFICATIONCD=CLE_BUS">Info</a></td>
   

  </tr>
</table>
</left>
</body>

</html>

7/19/2005 12:08:39 PM: start
7/19/2005 12:08:39 PM: >0
7/19/2005 12:08:39 PM: content=<html>

<head>
<meta http-equiv="Content-Language" content="en-us">
<meta http-equiv="Content-Type" content="text/html; charset=windows-1252">
<meta name="GENERATOR" content="Microsoft FrontPage 4.0">
<meta name="ProgId" content="FrontPage.Editor.Document">
<title>Individual Search Result</title>
</head>

<body>
<left>
<table border="1" cellpadding="0" cellspacing="0" width="770" bordercolor="#F7F2DB">
  <tr>
    <td width="70"></a></td>
    <td width="100"></td>
    <td width="110"></td>
    <td width="200"></td>
    <td width="120">AMCLE_CORE</td>
    <td width="100"></td>
    <td width="50"></td>
    <td width="50"><a href="Info?CERTIFICATIONCD=AMCLE_CORE">Info</a></td>
   

  </tr>
</table>
</left>
</body>

</html>
<html>

<head>
<meta http-equiv="Content-Language" content="en-us">
<meta http-equiv="Content-Type" content="text/html; charset=windows-1252">
<meta name="GENERATOR" content="Microsoft FrontPage 4.0">
<meta name="ProgId" content="FrontPage.Editor.Document">
<title>Individual Search Result</title>
</head>

<body>
<left>
<table border="1" cellpadding="0" cellspacing="0" width="770" bordercolor="#F7F2DB">
  <tr>
    <td width="70"></a></td>
    <td width="100"></td>
    <td width="110"></td>
    <td width="200"></td>
    <td width="120">CLE_ADM</td>
    <td width="100"></td>
    <td width="50"></td>
    <td width="50"><a href="Info?CERTIFICATIONCD=CLE_ADM">Info</a></td>
   

  </tr>
</table>
</left>
</body>

</html>
<html>

<head>
<meta http-equiv="Content-Language" content="en-us">
<meta http-equiv="Content-Type" content="text/html; charset=windows-1252">
<meta name="GENERATOR" content="Microsoft FrontPage 4.0">
<meta name="ProgId" content="FrontPage.Editor.Document">
<title>Individual Search Result</title>
</head>

<body>
<left>
<table border="1" cellpadding="0" cellspacing="0" width="770" bordercolor="#F7F2DB">
  <tr>
    <td width="70"></a></td>
    <td width="100"></td>
    <td width="110"></td>
    <td width="200"></td>
    <td width="120">CLE_BUS</td>
    <td width="100"></td>
    <td width="50"></td>
    <td width="50"><a href="Info?CERTIFICATIONCD=CLE_BUS">Info</a></td>
   

  </tr>
</table>
</left>
</body>

</html>

7/19/2005 4:31:34 PM: start
7/19/2005 4:31:34 PM: >0
7/19/2005 4:31:34 PM: content=<html>

<head>
<meta http-equiv="Content-Language" content="en-us">
<meta http-equiv="Content-Type" content="text/html; charset=windows-1252">
<meta name="GENERATOR" content="Microsoft FrontPage 4.0">
<meta name="ProgId" content="FrontPage.Editor.Document">
<title>Individual Search Result</title>
</head>

<body>
<left>
<table border="1" cellpadding="0" cellspacing="0" width="770" bordercolor="#F7F2DB">
  <tr>
    <td width="70"></a></td>
    <td width="100"></td>
    <td width="110"></td>
    <td width="200"></td>
    <td width="120">AMCLE_CORE</td>
    <td width="100"></td>
    <td width="50"></td>
    <td width="50"><a href="Info?CERTIFICATIONCD=AMCLE_CORE">Info</a></td>
   

  </tr>
</table>
</left>
</body>

</html>
<html>

<head>
<meta http-equiv="Content-Language" content="en-us">
<meta http-equiv="Content-Type" content="text/html; charset=windows-1252">
<meta name="GENERATOR" content="Microsoft FrontPage 4.0">
<meta name="ProgId" content="FrontPage.Editor.Document">
<title>Individual Search Result</title>
</head>

<body>
<left>
<table border="1" cellpadding="0" cellspacing="0" width="770" bordercolor="#F7F2DB">
  <tr>
    <td width="70"></a></td>
    <td width="100"></td>
    <td width="110"></td>
    <td width="200"></td>
    <td width="120">CLE_ADM</td>
    <td width="100"></td>
    <td width="50"></td>
    <td width="50"><a href="Info?CERTIFICATIONCD=CLE_ADM">Info</a></td>
   

  </tr>
</table>
</left>
</body>

</html>
<html>

<head>
<meta http-equiv="Content-Language" content="en-us">
<meta http-equiv="Content-Type" content="text/html; charset=windows-1252">
<meta name="GENERATOR" content="Microsoft FrontPage 4.0">
<meta name="ProgId" content="FrontPage.Editor.Document">
<title>Individual Search Result</title>
</head>

<body>
<left>
<table border="1" cellpadding="0" cellspacing="0" width="770" bordercolor="#F7F2DB">
  <tr>
    <td width="70"></a></td>
    <td width="100"></td>
    <td width="110"></td>
    <td width="200"></td>
    <td width="120">CLE_BUS</td>
    <td width="100"></td>
    <td width="50"></td>
    <td width="50"><a href="Info?CERTIFICATIONCD=CLE_BUS">Info</a></td>
   

  </tr>
</table>
</left>
</body>

</html>

